---------------------------------------------------------------
[ 2019-10-17T18:24:18+08:00 ] 127.0.0.1 POST zs.test.com/admin.php/user/rule/multi/ids/13
[运行时间：0.019885s] [吞吐率：50.29req/s] [内存消耗：771.82kb] [文件加载：137]
[ info ] [ BEHAVIOR ] Run Closure @app_init [ RunTime:0.000017s ]
[ info ] [ CACHE ] INIT File
[ info ] [ BEHAVIOR ] Run Closure @app_init [ RunTime:0.000206s ]
[ info ] [ LANG ] /var/www/zs/thinkphp/lang/zh-cn.php
[ info ] [ ROUTE ] array (
  'type' => 'module',
  'module' => 
  array (
    0 => 'admin',
    1 => 'user.rule',
    2 => 'multi',
  ),
)
[ info ] [ HEADER ] array (
  'cookie' => 'thinkphp_show_page_trace=0|0; thinkphp_show_page_trace=0|0; uid=2; token=a649fc4e-b9f5-42c9-b529-48642d252fb5; PHPSESSID=37atflp6d602uav1qruptulit1',
  'referer' => 'http://zs.test.com/admin.php/user/rule?addtabs=1',
  'connection' => 'keep-alive',
  'content-length' => '32',
  'x-requested-with' => 'XMLHttpRequest',
  'content-type' => 'application/x-www-form-urlencoded; charset=UTF-8',
  'accept-encoding' => 'gzip, deflate',
  'accept-language' => 'zh-CN,zh;q=0.8,zh-TW;q=0.7,zh-HK;q=0.5,en-US;q=0.3,en;q=0.2',
  'accept' => 'application/json, text/javascript, */*; q=0.01',
  'user-agent' => 'Mozilla/5.0 (X11; Ubuntu; Linux x86_64; rv:69.0) Gecko/20100101 Firefox/69.0',
  'host' => 'zs.test.com',
)
[ info ] [ PARAM ] array (
  'action' => '',
  'ids' => '13',
  'params' => 'ismenu=0',
)
[ info ] [ LANG ] /var/www/zs/public/../application/admin/lang/zh-cn.php
[ info ] [ BEHAVIOR ] Run app\common\behavior\Common @module_init [ RunTime:0.000114s ]
[ info ] [ SESSION ] INIT array (
  'id' => '',
  'var_session_id' => '',
  'prefix' => 'think',
  'type' => '',
  'auto_start' => true,
  'expire' => 7200,
)
[ info ] [ DB ] INIT mysql
[ info ] [ LANG ] /var/www/zs/public/../application/admin/lang/zh-cn/user/rule.php
[ info ] [ RUN ] app\common\controller\Backend->multi[ /var/www/zs/application/admin/library/traits/Backend.php ]
[ info ] [ BEHAVIOR ] Run app\admin\behavior\AdminLog @app_end [ RunTime:0.005461s ]
[ info ] [ LOG ] INIT File
[ sql ] [ DB ] CONNECT:[ UseTime:0.000411s ] mysql:host=127.0.0.1;dbname=zhaoshang;charset=utf8
[ sql ] [ SQL ] SHOW COLUMNS FROM `zs_auth_group_access` [ RunTime:0.000583s ]
[ sql ] [ SQL ] SELECT `aga`.`uid`,`aga`.`group_id`,`ag`.`id`,`ag`.`pid`,`ag`.`name`,`ag`.`rules` FROM `zs_auth_group_access` `aga` LEFT JOIN `zs_auth_group` `ag` ON `aga`.`group_id`=`ag`.`id` WHERE  (  aga.uid='1' and ag.status='normal' ) [ RunTime:0.000499s ]
[ sql ] [ SQL ] SHOW COLUMNS FROM `zs_auth_rule` [ RunTime:0.000718s ]
[ sql ] [ SQL ] SELECT `id`,`pid`,`condition`,`icon`,`name`,`title`,`ismenu` FROM `zs_auth_rule` WHERE  `status` = 'normal' [ RunTime:0.000661s ]
[ sql ] [ SQL ] SHOW COLUMNS FROM `zs_user_rule` [ RunTime:0.000620s ]
[ sql ] [ SQL ] SELECT * FROM `zs_user_rule` ORDER BY `weigh` DESC [ RunTime:0.000451s ]
[ sql ] [ SQL ] SELECT * FROM `zs_user_rule` WHERE  `id` IN (13) [ RunTime:0.000356s ]
[ sql ] [ SQL ] UPDATE `zs_user_rule`  SET `ismenu`=0,`updatetime`=1571307858  WHERE  `id` = 13 [ RunTime:0.000364s ]
[ sql ] [ SQL ] SHOW COLUMNS FROM `zs_admin_log` [ RunTime:0.000575s ]
[ sql ] [ SQL ] INSERT INTO `zs_admin_log` (`title` , `content` , `url` , `admin_id` , `username` , `useragent` , `ip` , `createtime`) VALUES ('会员管理 会员规则 批量更新' , '{\"action\":\"\",\"ids\":\"13\",\"params\":\"ismenu=0\"}' , '/admin.php/user/rule/multi/ids/13' , 1 , 'admin' , 'Mozilla/5.0 (X11; Ubuntu; Linux x86_64; rv:69.0) Gecko/20100101 Firefox/69.0' , '127.0.0.1' , 1571307858) [ RunTime:0.004554s ]
---------------------------------------------------------------
[ 2019-10-17T18:24:18+08:00 ] 127.0.0.1 GET zs.test.com/admin.php/user/rule/index?sort=weigh&order=desc&_=1571307849119
[运行时间：0.008724s] [吞吐率：114.62req/s] [内存消耗：787.04kb] [文件加载：135]
[ info ] [ BEHAVIOR ] Run Closure @app_init [ RunTime:0.000011s ]
[ info ] [ CACHE ] INIT File
[ info ] [ BEHAVIOR ] Run Closure @app_init [ RunTime:0.000132s ]
[ info ] [ LANG ] /var/www/zs/thinkphp/lang/zh-cn.php
[ info ] [ ROUTE ] array (
  'type' => 'module',
  'module' => 
  array (
    0 => 'admin',
    1 => 'user.rule',
    2 => 'index',
  ),
)
[ info ] [ HEADER ] array (
  'cookie' => 'thinkphp_show_page_trace=0|0; thinkphp_show_page_trace=0|0; uid=2; token=a649fc4e-b9f5-42c9-b529-48642d252fb5; PHPSESSID=37atflp6d602uav1qruptulit1',
  'referer' => 'http://zs.test.com/admin.php/user/rule?addtabs=1',
  'connection' => 'keep-alive',
  'x-requested-with' => 'XMLHttpRequest',
  'content-type' => 'application/json',
  'accept-encoding' => 'gzip, deflate',
  'accept-language' => 'zh-CN,zh;q=0.8,zh-TW;q=0.7,zh-HK;q=0.5,en-US;q=0.3,en;q=0.2',
  'accept' => 'application/json, text/javascript, */*; q=0.01',
  'user-agent' => 'Mozilla/5.0 (X11; Ubuntu; Linux x86_64; rv:69.0) Gecko/20100101 Firefox/69.0',
  'host' => 'zs.test.com',
  'content-length' => '',
)
[ info ] [ PARAM ] array (
  'sort' => 'weigh',
  'order' => 'desc',
  '_' => '1571307849119',
)
[ info ] [ LANG ] /var/www/zs/public/../application/admin/lang/zh-cn.php
[ info ] [ BEHAVIOR ] Run app\common\behavior\Common @module_init [ RunTime:0.000064s ]
[ info ] [ SESSION ] INIT array (
  'id' => '',
  'var_session_id' => '',
  'prefix' => 'think',
  'type' => '',
  'auto_start' => true,
  'expire' => 7200,
)
[ info ] [ DB ] INIT mysql
[ info ] [ LANG ] /var/www/zs/public/../application/admin/lang/zh-cn/user/rule.php
[ info ] [ RUN ] app\admin\controller\user\Rule->index[ /var/www/zs/application/admin/controller/user/Rule.php ]
[ info ] [ BEHAVIOR ] Run app\admin\behavior\AdminLog @app_end [ RunTime:0.000014s ]
[ info ] [ LOG ] INIT File
[ sql ] [ DB ] CONNECT:[ UseTime:0.000466s ] mysql:host=127.0.0.1;dbname=zhaoshang;charset=utf8
[ sql ] [ SQL ] SHOW COLUMNS FROM `zs_auth_group_access` [ RunTime:0.000568s ]
[ sql ] [ SQL ] SELECT `aga`.`uid`,`aga`.`group_id`,`ag`.`id`,`ag`.`pid`,`ag`.`name`,`ag`.`rules` FROM `zs_auth_group_access` `aga` LEFT JOIN `zs_auth_group` `ag` ON `aga`.`group_id`=`ag`.`id` WHERE  (  aga.uid='1' and ag.status='normal' ) [ RunTime:0.000414s ]
[ sql ] [ SQL ] SHOW COLUMNS FROM `zs_auth_rule` [ RunTime:0.000851s ]
[ sql ] [ SQL ] SELECT `id`,`pid`,`condition`,`icon`,`name`,`title`,`ismenu` FROM `zs_auth_rule` WHERE  `status` = 'normal' [ RunTime:0.000749s ]
[ sql ] [ SQL ] SHOW COLUMNS FROM `zs_user_rule` [ RunTime:0.001350s ]
[ sql ] [ SQL ] SELECT * FROM `zs_user_rule` ORDER BY `weigh` DESC [ RunTime:0.000351s ]
---------------------------------------------------------------
[ 2019-10-17T18:24:22+08:00 ] 127.0.0.1 GET zs.test.com/menber/user/index
[运行时间：0.048797s] [吞吐率：20.49req/s] [内存消耗：813.66kb] [文件加载：136]
[ info ] [ BEHAVIOR ] Run Closure @app_init [ RunTime:0.000033s ]
[ info ] [ CACHE ] INIT File
[ info ] [ BEHAVIOR ] Run Closure @app_init [ RunTime:0.000574s ]
[ info ] [ LANG ] /var/www/zs/thinkphp/lang/zh-cn.php
[ info ] [ BIND ] 'index'
[ info ] [ ROUTE ] array (
  'type' => 'module',
  'module' => 
  array (
    0 => NULL,
    1 => 'menber.user',
    2 => 'index',
  ),
  'convert' => false,
)
[ info ] [ HEADER ] array (
  'cookie' => 'thinkphp_show_page_trace=0|0; uid=2; token=51345e9e-30ce-49a9-a586-78fe9aaeecc1; __tins__713776=%7B%22sid%22%3A%201571282224886%2C%20%22vd%22%3A%201%2C%20%22expires%22%3A%201571284024886%7D; __51cke__=; __51laig__=1; thinkphp_show_page_trace=0|0; Hm_lvt_b393d153aeb26b46e9431fabaf0f6190=1570956661,1571022051,1571294921; Hm_lpvt_b393d153aeb26b46e9431fabaf0f6190=1571294921',
  'accept-language' => 'zh-CN,zh;q=0.9,en;q=0.8',
  'accept-encoding' => 'gzip, deflate',
  'accept' => 'text/html,application/xhtml+xml,application/xml;q=0.9,image/webp,image/apng,*/*;q=0.8,application/signed-exchange;v=b3',
  'user-agent' => 'Mozilla/5.0 (X11; Linux x86_64) AppleWebKit/537.36 (KHTML, like Gecko) Chrome/76.0.3809.132 Safari/537.36',
  'upgrade-insecure-requests' => '1',
  'cache-control' => 'max-age=0',
  'connection' => 'keep-alive',
  'host' => 'zs.test.com',
  'content-type' => '',
  'content-length' => '',
)
[ info ] [ PARAM ] array (
)
[ info ] [ LANG ] /var/www/zs/public/../application/index/lang/zh-cn.php
[ info ] [ BEHAVIOR ] Run app\common\behavior\Common @module_init [ RunTime:0.000402s ]
[ info ] [ TOKEN ] INIT Mysql
[ info ] [ DB ] INIT mysql
[ info ] [ RUN ] app\index\controller\menber\User->index[ /var/www/zs/application/index/controller/menber/User.php ]
[ info ] [ VIEW ] /var/www/zs/public/../application/index/view/menber/user/index.html [ array (
  0 => 'user',
  1 => 'url',
  2 => 'project_cate',
  3 => 'article_cate',
  4 => 'site',
  5 => 'config',
  6 => 'menu',
) ]
[ info ] [ LOG ] INIT File
[ sql ] [ DB ] CONNECT:[ UseTime:0.002098s ] mysql:host=127.0.0.1;dbname=zhaoshang;charset=utf8
[ sql ] [ SQL ] SHOW COLUMNS FROM `zs_user_token` [ RunTime:0.002129s ]
[ sql ] [ SQL ] SELECT * FROM `zs_user_token` WHERE  `token` = '00184c60d2769f00ef65e47a1c725e8e947a8a45' LIMIT 1 [ RunTime:0.001259s ]
[ sql ] [ SQL ] SHOW COLUMNS FROM `zs_user` [ RunTime:0.003031s ]
[ sql ] [ SQL ] SELECT * FROM `zs_user` WHERE  `id` = 2 LIMIT 1 [ RunTime:0.002445s ]
[ sql ] [ SQL ] SHOW COLUMNS FROM `zs_user_group` [ RunTime:0.001279s ]
[ sql ] [ SQL ] SELECT * FROM `zs_user_group` WHERE  `id` = 1 LIMIT 1 [ RunTime:0.001764s ]
[ sql ] [ SQL ] SHOW COLUMNS FROM `zs_user_rule` [ RunTime:0.003018s ]
[ sql ] [ SQL ] SELECT `id`,`pid`,`name`,`title`,`ismenu` FROM `zs_user_rule` WHERE  `status` = 'normal'  AND `id` IN (19,18,16,20,14,13,7,15) [ RunTime:0.001490s ]
[ sql ] [ SQL ] SHOW COLUMNS FROM `zs_category` [ RunTime:0.002812s ]
[ sql ] [ SQL ] SELECT `id`,`name`,`type`,`status`,`flag`,`pid`,`image` FROM `zs_category` WHERE  (  `type` = 'project'  AND `status` = 'normal'  AND `flag` LIKE '%top%'  AND `pid` = 0 ) ORDER BY `weigh` DESC [ RunTime:0.001355s ]
[ sql ] [ SQL ] SELECT `id`,`name`,`type`,`status`,`flag`,`pid`,`image` FROM `zs_category` WHERE  (  `type` = 'article'  AND `status` = 'normal'  AND `flag` LIKE '%top%'  AND `pid` = 0 ) ORDER BY `weigh` DESC [ RunTime:0.001287s ]
---------------------------------------------------------------
[ 2019-10-17T18:24:22+08:00 ] 127.0.0.1 GET zs.test.com/menber/user/welcome
[运行时间：0.018301s] [吞吐率：54.64req/s] [内存消耗：876.02kb] [文件加载：138]
[ info ] [ BEHAVIOR ] Run Closure @app_init [ RunTime:0.000067s ]
[ info ] [ CACHE ] INIT File
[ info ] [ BEHAVIOR ] Run Closure @app_init [ RunTime:0.000791s ]
[ info ] [ LANG ] /var/www/zs/thinkphp/lang/zh-cn.php
[ info ] [ BIND ] 'index'
[ info ] [ ROUTE ] array (
  'type' => 'module',
  'module' => 
  array (
    0 => NULL,
    1 => 'menber.user',
    2 => 'welcome',
  ),
  'convert' => false,
)
[ info ] [ HEADER ] array (
  'cookie' => 'thinkphp_show_page_trace=0|0; uid=2; token=51345e9e-30ce-49a9-a586-78fe9aaeecc1; __tins__713776=%7B%22sid%22%3A%201571282224886%2C%20%22vd%22%3A%201%2C%20%22expires%22%3A%201571284024886%7D; __51cke__=; __51laig__=1; thinkphp_show_page_trace=0|0; Hm_lvt_b393d153aeb26b46e9431fabaf0f6190=1570956661,1571022051,1571294921; Hm_lpvt_b393d153aeb26b46e9431fabaf0f6190=1571294921',
  'accept-language' => 'zh-CN,zh;q=0.9,en;q=0.8',
  'accept-encoding' => 'gzip, deflate',
  'referer' => 'http://zs.test.com/menber/user/index',
  'accept' => 'text/html,application/xhtml+xml,application/xml;q=0.9,image/webp,image/apng,*/*;q=0.8,application/signed-exchange;v=b3',
  'user-agent' => 'Mozilla/5.0 (X11; Linux x86_64) AppleWebKit/537.36 (KHTML, like Gecko) Chrome/76.0.3809.132 Safari/537.36',
  'upgrade-insecure-requests' => '1',
  'connection' => 'keep-alive',
  'host' => 'zs.test.com',
  'content-type' => '',
  'content-length' => '',
)
[ info ] [ PARAM ] array (
)
[ info ] [ LANG ] /var/www/zs/public/../application/index/lang/zh-cn.php
[ info ] [ BEHAVIOR ] Run app\common\behavior\Common @module_init [ RunTime:0.000447s ]
[ info ] [ TOKEN ] INIT Mysql
[ info ] [ DB ] INIT mysql
[ info ] [ RUN ] app\index\controller\menber\User->_empty[ /var/www/zs/application/index/controller/menber/User.php ]
[ info ] [ LOG ] INIT File
[ sql ] [ DB ] CONNECT:[ UseTime:0.000433s ] mysql:host=127.0.0.1;dbname=zhaoshang;charset=utf8
[ sql ] [ SQL ] SHOW COLUMNS FROM `zs_user_token` [ RunTime:0.000445s ]
[ sql ] [ SQL ] SELECT * FROM `zs_user_token` WHERE  `token` = '00184c60d2769f00ef65e47a1c725e8e947a8a45' LIMIT 1 [ RunTime:0.000259s ]
[ sql ] [ SQL ] SHOW COLUMNS FROM `zs_user` [ RunTime:0.000545s ]
[ sql ] [ SQL ] SELECT * FROM `zs_user` WHERE  `id` = 2 LIMIT 1 [ RunTime:0.000396s ]
[ sql ] [ SQL ] SHOW COLUMNS FROM `zs_user_group` [ RunTime:0.000444s ]
[ sql ] [ SQL ] SELECT * FROM `zs_user_group` WHERE  `id` = 1 LIMIT 1 [ RunTime:0.000260s ]
[ sql ] [ SQL ] SHOW COLUMNS FROM `zs_user_rule` [ RunTime:0.000459s ]
[ sql ] [ SQL ] SELECT `id`,`pid`,`name`,`title`,`ismenu` FROM `zs_user_rule` WHERE  `status` = 'normal'  AND `id` IN (19,18,16,20,14,13,7,15) [ RunTime:0.000295s ]
[ sql ] [ SQL ] SHOW COLUMNS FROM `zs_category` [ RunTime:0.000411s ]
[ sql ] [ SQL ] SELECT `id`,`name`,`type`,`status`,`flag`,`pid`,`image` FROM `zs_category` WHERE  (  `type` = 'project'  AND `status` = 'normal'  AND `flag` LIKE '%top%'  AND `pid` = 0 ) ORDER BY `weigh` DESC [ RunTime:0.000330s ]
[ sql ] [ SQL ] SELECT `id`,`name`,`type`,`status`,`flag`,`pid`,`image` FROM `zs_category` WHERE  (  `type` = 'article'  AND `status` = 'normal'  AND `flag` LIKE '%top%'  AND `pid` = 0 ) ORDER BY `weigh` DESC [ RunTime:0.000491s ]
[ error ] [0]模板文件不存在:/var/www/zs/public/../application/index/view/user/welcome.html[/var/www/zs/thinkphp/library/think/view/driver/Think.php:82]
---------------------------------------------------------------
[ 2019-10-17T18:24:24+08:00 ] 127.0.0.1 GET zs.test.com/menber/user/profile
[运行时间：0.024660s] [吞吐率：40.55req/s] [内存消耗：891.03kb] [文件加载：138]
[ info ] [ BEHAVIOR ] Run Closure @app_init [ RunTime:0.000048s ]
[ info ] [ CACHE ] INIT File
[ info ] [ BEHAVIOR ] Run Closure @app_init [ RunTime:0.000680s ]
[ info ] [ LANG ] /var/www/zs/thinkphp/lang/zh-cn.php
[ info ] [ BIND ] 'index'
[ info ] [ ROUTE ] array (
  'type' => 'module',
  'module' => 
  array (
    0 => NULL,
    1 => 'menber.user',
    2 => 'profile',
  ),
  'convert' => false,
)
[ info ] [ HEADER ] array (
  'cookie' => 'thinkphp_show_page_trace=0|0; uid=2; token=51345e9e-30ce-49a9-a586-78fe9aaeecc1; __tins__713776=%7B%22sid%22%3A%201571282224886%2C%20%22vd%22%3A%201%2C%20%22expires%22%3A%201571284024886%7D; __51cke__=; __51laig__=1; thinkphp_show_page_trace=0|0; Hm_lvt_b393d153aeb26b46e9431fabaf0f6190=1570956661,1571022051,1571294921; Hm_lpvt_b393d153aeb26b46e9431fabaf0f6190=1571294921',
  'accept-language' => 'zh-CN,zh;q=0.9,en;q=0.8',
  'accept-encoding' => 'gzip, deflate',
  'referer' => 'http://zs.test.com/menber/user/index',
  'accept' => 'text/html,application/xhtml+xml,application/xml;q=0.9,image/webp,image/apng,*/*;q=0.8,application/signed-exchange;v=b3',
  'user-agent' => 'Mozilla/5.0 (X11; Linux x86_64) AppleWebKit/537.36 (KHTML, like Gecko) Chrome/76.0.3809.132 Safari/537.36',
  'upgrade-insecure-requests' => '1',
  'connection' => 'keep-alive',
  'host' => 'zs.test.com',
  'content-type' => '',
  'content-length' => '',
)
[ info ] [ PARAM ] array (
)
[ info ] [ LANG ] /var/www/zs/public/../application/index/lang/zh-cn.php
[ info ] [ BEHAVIOR ] Run app\common\behavior\Common @module_init [ RunTime:0.000564s ]
[ info ] [ TOKEN ] INIT Mysql
[ info ] [ DB ] INIT mysql
[ info ] [ RUN ] app\index\controller\menber\User->profile[ /var/www/zs/application/index/controller/menber/User.php ]
[ info ] [ VIEW ] /var/www/zs/public/../application/index/view/menber/user/profile.html [ array (
  0 => 'user',
  1 => 'url',
  2 => 'project_cate',
  3 => 'article_cate',
  4 => 'site',
  5 => 'config',
  6 => 'title',
) ]
[ info ] [ LOG ] INIT File
[ sql ] [ DB ] CONNECT:[ UseTime:0.000558s ] mysql:host=127.0.0.1;dbname=zhaoshang;charset=utf8
[ sql ] [ SQL ] SHOW COLUMNS FROM `zs_user_token` [ RunTime:0.000648s ]
[ sql ] [ SQL ] SELECT * FROM `zs_user_token` WHERE  `token` = '00184c60d2769f00ef65e47a1c725e8e947a8a45' LIMIT 1 [ RunTime:0.000337s ]
[ sql ] [ SQL ] SHOW COLUMNS FROM `zs_user` [ RunTime:0.000666s ]
[ sql ] [ SQL ] SELECT * FROM `zs_user` WHERE  `id` = 2 LIMIT 1 [ RunTime:0.000448s ]
[ sql ] [ SQL ] SHOW COLUMNS FROM `zs_user_group` [ RunTime:0.000582s ]
[ sql ] [ SQL ] SELECT * FROM `zs_user_group` WHERE  `id` = 1 LIMIT 1 [ RunTime:0.000277s ]
[ sql ] [ SQL ] SHOW COLUMNS FROM `zs_user_rule` [ RunTime:0.000487s ]
[ sql ] [ SQL ] SELECT `id`,`pid`,`name`,`title`,`ismenu` FROM `zs_user_rule` WHERE  `status` = 'normal'  AND `id` IN (19,18,16,20,14,13,7,15) [ RunTime:0.000428s ]
[ sql ] [ SQL ] SHOW COLUMNS FROM `zs_category` [ RunTime:0.001799s ]
[ sql ] [ SQL ] SELECT `id`,`name`,`type`,`status`,`flag`,`pid`,`image` FROM `zs_category` WHERE  (  `type` = 'project'  AND `status` = 'normal'  AND `flag` LIKE '%top%'  AND `pid` = 0 ) ORDER BY `weigh` DESC [ RunTime:0.002640s ]
[ sql ] [ SQL ] SELECT `id`,`name`,`type`,`status`,`flag`,`pid`,`image` FROM `zs_category` WHERE  (  `type` = 'article'  AND `status` = 'normal'  AND `flag` LIKE '%top%'  AND `pid` = 0 ) ORDER BY `weigh` DESC [ RunTime:0.000851s ]
[ error ] [0]模板文件不存在:[/var/www/zs/thinkphp/library/think/Template.php:1074]
---------------------------------------------------------------
[ 2019-10-17T18:24:25+08:00 ] 127.0.0.1 GET zs.test.com/menber/user/welcome
[运行时间：0.030340s] [吞吐率：32.96req/s] [内存消耗：876.02kb] [文件加载：138]
[ info ] [ BEHAVIOR ] Run Closure @app_init [ RunTime:0.000031s ]
[ info ] [ CACHE ] INIT File
[ info ] [ BEHAVIOR ] Run Closure @app_init [ RunTime:0.000365s ]
[ info ] [ LANG ] /var/www/zs/thinkphp/lang/zh-cn.php
[ info ] [ BIND ] 'index'
[ info ] [ ROUTE ] array (
  'type' => 'module',
  'module' => 
  array (
    0 => NULL,
    1 => 'menber.user',
    2 => 'welcome',
  ),
  'convert' => false,
)
[ info ] [ HEADER ] array (
  'cookie' => 'thinkphp_show_page_trace=0|0; uid=2; token=51345e9e-30ce-49a9-a586-78fe9aaeecc1; __tins__713776=%7B%22sid%22%3A%201571282224886%2C%20%22vd%22%3A%201%2C%20%22expires%22%3A%201571284024886%7D; __51cke__=; __51laig__=1; thinkphp_show_page_trace=0|0; Hm_lvt_b393d153aeb26b46e9431fabaf0f6190=1570956661,1571022051,1571294921; Hm_lpvt_b393d153aeb26b46e9431fabaf0f6190=1571294921',
  'accept-language' => 'zh-CN,zh;q=0.9,en;q=0.8',
  'accept-encoding' => 'gzip, deflate',
  'referer' => 'http://zs.test.com/menber/user/index',
  'accept' => 'text/html,application/xhtml+xml,application/xml;q=0.9,image/webp,image/apng,*/*;q=0.8,application/signed-exchange;v=b3',
  'user-agent' => 'Mozilla/5.0 (X11; Linux x86_64) AppleWebKit/537.36 (KHTML, like Gecko) Chrome/76.0.3809.132 Safari/537.36',
  'upgrade-insecure-requests' => '1',
  'connection' => 'keep-alive',
  'host' => 'zs.test.com',
  'content-type' => '',
  'content-length' => '',
)
[ info ] [ PARAM ] array (
)
[ info ] [ LANG ] /var/www/zs/public/../application/index/lang/zh-cn.php
[ info ] [ BEHAVIOR ] Run app\common\behavior\Common @module_init [ RunTime:0.000192s ]
[ info ] [ TOKEN ] INIT Mysql
[ info ] [ DB ] INIT mysql
[ info ] [ RUN ] app\index\controller\menber\User->_empty[ /var/www/zs/application/index/controller/menber/User.php ]
[ info ] [ LOG ] INIT File
[ sql ] [ DB ] CONNECT:[ UseTime:0.000886s ] mysql:host=127.0.0.1;dbname=zhaoshang;charset=utf8
[ sql ] [ SQL ] SHOW COLUMNS FROM `zs_user_token` [ RunTime:0.001228s ]
[ sql ] [ SQL ] SELECT * FROM `zs_user_token` WHERE  `token` = '00184c60d2769f00ef65e47a1c725e8e947a8a45' LIMIT 1 [ RunTime:0.000881s ]
[ sql ] [ SQL ] SHOW COLUMNS FROM `zs_user` [ RunTime:0.001996s ]
[ sql ] [ SQL ] SELECT * FROM `zs_user` WHERE  `id` = 2 LIMIT 1 [ RunTime:0.001128s ]
[ sql ] [ SQL ] SHOW COLUMNS FROM `zs_user_group` [ RunTime:0.001367s ]
[ sql ] [ SQL ] SELECT * FROM `zs_user_group` WHERE  `id` = 1 LIMIT 1 [ RunTime:0.000844s ]
[ sql ] [ SQL ] SHOW COLUMNS FROM `zs_user_rule` [ RunTime:0.001268s ]
[ sql ] [ SQL ] SELECT `id`,`pid`,`name`,`title`,`ismenu` FROM `zs_user_rule` WHERE  `status` = 'normal'  AND `id` IN (19,18,16,20,14,13,7,15) [ RunTime:0.001297s ]
[ sql ] [ SQL ] SHOW COLUMNS FROM `zs_category` [ RunTime:0.001493s ]
[ sql ] [ SQL ] SELECT `id`,`name`,`type`,`status`,`flag`,`pid`,`image` FROM `zs_category` WHERE  (  `type` = 'project'  AND `status` = 'normal'  AND `flag` LIKE '%top%'  AND `pid` = 0 ) ORDER BY `weigh` DESC [ RunTime:0.000928s ]
[ sql ] [ SQL ] SELECT `id`,`name`,`type`,`status`,`flag`,`pid`,`image` FROM `zs_category` WHERE  (  `type` = 'article'  AND `status` = 'normal'  AND `flag` LIKE '%top%'  AND `pid` = 0 ) ORDER BY `weigh` DESC [ RunTime:0.001263s ]
[ error ] [0]模板文件不存在:/var/www/zs/public/../application/index/view/user/welcome.html[/var/www/zs/thinkphp/library/think/view/driver/Think.php:82]
---------------------------------------------------------------
[ 2019-10-17T18:24:28+08:00 ] 127.0.0.1 GET zs.test.com/menber/article/list
[运行时间：0.009381s] [吞吐率：106.60req/s] [内存消耗：885.98kb] [文件加载：138]
[ info ] [ BEHAVIOR ] Run Closure @app_init [ RunTime:0.000011s ]
[ info ] [ CACHE ] INIT File
[ info ] [ BEHAVIOR ] Run Closure @app_init [ RunTime:0.000205s ]
[ info ] [ LANG ] /var/www/zs/thinkphp/lang/zh-cn.php
[ info ] [ BIND ] 'index'
[ info ] [ ROUTE ] array (
  'type' => 'module',
  'module' => 
  array (
    0 => NULL,
    1 => 'menber.article',
    2 => 'list',
  ),
  'convert' => false,
)
[ info ] [ HEADER ] array (
  'cookie' => 'thinkphp_show_page_trace=0|0; uid=2; token=51345e9e-30ce-49a9-a586-78fe9aaeecc1; __tins__713776=%7B%22sid%22%3A%201571282224886%2C%20%22vd%22%3A%201%2C%20%22expires%22%3A%201571284024886%7D; __51cke__=; __51laig__=1; thinkphp_show_page_trace=0|0; Hm_lvt_b393d153aeb26b46e9431fabaf0f6190=1570956661,1571022051,1571294921; Hm_lpvt_b393d153aeb26b46e9431fabaf0f6190=1571294921',
  'accept-language' => 'zh-CN,zh;q=0.9,en;q=0.8',
  'accept-encoding' => 'gzip, deflate',
  'referer' => 'http://zs.test.com/menber/user/index',
  'accept' => 'text/html,application/xhtml+xml,application/xml;q=0.9,image/webp,image/apng,*/*;q=0.8,application/signed-exchange;v=b3',
  'user-agent' => 'Mozilla/5.0 (X11; Linux x86_64) AppleWebKit/537.36 (KHTML, like Gecko) Chrome/76.0.3809.132 Safari/537.36',
  'upgrade-insecure-requests' => '1',
  'connection' => 'keep-alive',
  'host' => 'zs.test.com',
  'content-type' => '',
  'content-length' => '',
)
[ info ] [ PARAM ] array (
)
[ info ] [ LANG ] /var/www/zs/public/../application/index/lang/zh-cn.php
[ info ] [ BEHAVIOR ] Run app\common\behavior\Common @module_init [ RunTime:0.000085s ]
[ info ] [ TOKEN ] INIT Mysql
[ info ] [ DB ] INIT mysql
[ info ] [ RUN ] app\index\controller\menber\Article->list[ /var/www/zs/application/index/controller/menber/Article.php ]
[ info ] [ VIEW ] /var/www/zs/public/../application/index/view/menber/article/list.html [ array (
  0 => 'user',
  1 => 'url',
  2 => 'project_cate',
  3 => 'article_cate',
  4 => 'site',
  5 => 'config',
) ]
[ info ] [ LOG ] INIT File
[ sql ] [ DB ] CONNECT:[ UseTime:0.000433s ] mysql:host=127.0.0.1;dbname=zhaoshang;charset=utf8
[ sql ] [ SQL ] SHOW COLUMNS FROM `zs_user_token` [ RunTime:0.000517s ]
[ sql ] [ SQL ] SELECT * FROM `zs_user_token` WHERE  `token` = '00184c60d2769f00ef65e47a1c725e8e947a8a45' LIMIT 1 [ RunTime:0.000245s ]
[ sql ] [ SQL ] SHOW COLUMNS FROM `zs_user` [ RunTime:0.000504s ]
[ sql ] [ SQL ] SELECT * FROM `zs_user` WHERE  `id` = 2 LIMIT 1 [ RunTime:0.000304s ]
[ sql ] [ SQL ] SHOW COLUMNS FROM `zs_user_group` [ RunTime:0.000363s ]
[ sql ] [ SQL ] SELECT * FROM `zs_user_group` WHERE  `id` = 1 LIMIT 1 [ RunTime:0.000207s ]
[ sql ] [ SQL ] SHOW COLUMNS FROM `zs_user_rule` [ RunTime:0.000368s ]
[ sql ] [ SQL ] SELECT `id`,`pid`,`name`,`title`,`ismenu` FROM `zs_user_rule` WHERE  `status` = 'normal'  AND `id` IN (19,18,16,20,14,13,7,15) [ RunTime:0.000246s ]
[ sql ] [ SQL ] SHOW COLUMNS FROM `zs_category` [ RunTime:0.000385s ]
[ sql ] [ SQL ] SELECT `id`,`name`,`type`,`status`,`flag`,`pid`,`image` FROM `zs_category` WHERE  (  `type` = 'project'  AND `status` = 'normal'  AND `flag` LIKE '%top%'  AND `pid` = 0 ) ORDER BY `weigh` DESC [ RunTime:0.000276s ]
[ sql ] [ SQL ] SELECT `id`,`name`,`type`,`status`,`flag`,`pid`,`image` FROM `zs_category` WHERE  (  `type` = 'article'  AND `status` = 'normal'  AND `flag` LIKE '%top%'  AND `pid` = 0 ) ORDER BY `weigh` DESC [ RunTime:0.000257s ]
---------------------------------------------------------------
[ 2019-10-17T18:24:29+08:00 ] 127.0.0.1 GET zs.test.com/menber/article/list?page=1&limit=10
[运行时间：0.015882s] [吞吐率：62.96req/s] [内存消耗：803.98kb] [文件加载：135]
[ info ] [ BEHAVIOR ] Run Closure @app_init [ RunTime:0.000011s ]
[ info ] [ CACHE ] INIT File
[ info ] [ BEHAVIOR ] Run Closure @app_init [ RunTime:0.000120s ]
[ info ] [ LANG ] /var/www/zs/thinkphp/lang/zh-cn.php
[ info ] [ BIND ] 'index'
[ info ] [ ROUTE ] array (
  'type' => 'module',
  'module' => 
  array (
    0 => NULL,
    1 => 'menber.article',
    2 => 'list',
  ),
  'convert' => false,
)
[ info ] [ HEADER ] array (
  'cookie' => 'thinkphp_show_page_trace=0|0; uid=2; token=51345e9e-30ce-49a9-a586-78fe9aaeecc1; __tins__713776=%7B%22sid%22%3A%201571282224886%2C%20%22vd%22%3A%201%2C%20%22expires%22%3A%201571284024886%7D; __51cke__=; __51laig__=1; thinkphp_show_page_trace=0|0; Hm_lvt_b393d153aeb26b46e9431fabaf0f6190=1570956661,1571022051,1571294921; Hm_lpvt_b393d153aeb26b46e9431fabaf0f6190=1571294921',
  'accept-language' => 'zh-CN,zh;q=0.9,en;q=0.8',
  'accept-encoding' => 'gzip, deflate',
  'referer' => 'http://zs.test.com/menber/article/list',
  'user-agent' => 'Mozilla/5.0 (X11; Linux x86_64) AppleWebKit/537.36 (KHTML, like Gecko) Chrome/76.0.3809.132 Safari/537.36',
  'x-requested-with' => 'XMLHttpRequest',
  'accept' => 'application/json, text/javascript, */*; q=0.01',
  'connection' => 'keep-alive',
  'host' => 'zs.test.com',
  'content-type' => '',
  'content-length' => '',
)
[ info ] [ PARAM ] array (
  'page' => '1',
  'limit' => '10',
)
[ info ] [ LANG ] /var/www/zs/public/../application/index/lang/zh-cn.php
[ info ] [ BEHAVIOR ] Run app\common\behavior\Common @module_init [ RunTime:0.000066s ]
[ info ] [ TOKEN ] INIT Mysql
[ info ] [ DB ] INIT mysql
[ info ] [ RUN ] app\index\controller\menber\Article->list[ /var/www/zs/application/index/controller/menber/Article.php ]
[ info ] [ LOG ] INIT File
[ sql ] [ DB ] CONNECT:[ UseTime:0.000450s ] mysql:host=127.0.0.1;dbname=zhaoshang;charset=utf8
[ sql ] [ SQL ] SHOW COLUMNS FROM `zs_user_token` [ RunTime:0.000584s ]
[ sql ] [ SQL ] SELECT * FROM `zs_user_token` WHERE  `token` = '00184c60d2769f00ef65e47a1c725e8e947a8a45' LIMIT 1 [ RunTime:0.000273s ]
[ sql ] [ SQL ] SHOW COLUMNS FROM `zs_user` [ RunTime:0.000550s ]
[ sql ] [ SQL ] SELECT * FROM `zs_user` WHERE  `id` = 2 LIMIT 1 [ RunTime:0.000361s ]
[ sql ] [ SQL ] SHOW COLUMNS FROM `zs_user_group` [ RunTime:0.000431s ]
[ sql ] [ SQL ] SELECT * FROM `zs_user_group` WHERE  `id` = 1 LIMIT 1 [ RunTime:0.000299s ]
[ sql ] [ SQL ] SHOW COLUMNS FROM `zs_user_rule` [ RunTime:0.000465s ]
[ sql ] [ SQL ] SELECT `id`,`pid`,`name`,`title`,`ismenu` FROM `zs_user_rule` WHERE  `status` = 'normal'  AND `id` IN (19,18,16,20,14,13,7,15) [ RunTime:0.000311s ]
[ sql ] [ SQL ] SHOW COLUMNS FROM `zs_category` [ RunTime:0.001841s ]
[ sql ] [ SQL ] SELECT `id`,`name`,`type`,`status`,`flag`,`pid`,`image` FROM `zs_category` WHERE  (  `type` = 'project'  AND `status` = 'normal'  AND `flag` LIKE '%top%'  AND `pid` = 0 ) ORDER BY `weigh` DESC [ RunTime:0.003174s ]
[ sql ] [ SQL ] SELECT `id`,`name`,`type`,`status`,`flag`,`pid`,`image` FROM `zs_category` WHERE  (  `type` = 'article'  AND `status` = 'normal'  AND `flag` LIKE '%top%'  AND `pid` = 0 ) ORDER BY `weigh` DESC [ RunTime:0.000633s ]
[ sql ] [ SQL ] SELECT * FROM `zs_user_token` WHERE  `token` = '00184c60d2769f00ef65e47a1c725e8e947a8a45' LIMIT 1 [ RunTime:0.000308s ]
[ sql ] [ SQL ] SHOW COLUMNS FROM `zs_article` [ RunTime:0.000568s ]
[ sql ] [ SQL ] SELECT * FROM `zs_article` WHERE  `admin_id` = 2 ORDER BY `id` LIMIT 0,10 [ RunTime:0.000276s ]
[ sql ] [ SQL ] SELECT COUNT(*) AS tp_count FROM `zs_article` LIMIT 1 [ RunTime:0.000171s ]
